[0.660s] Invoking command in '/home/cvar/ros2_ws/src/python_parameters': PYTHONPATH=/home/cvar/ros2_ws/src/build/python_parameters/prefix_override:/home/cvar/ros2_ws/src/install/python_parameters/lib/python3.8/site-packages:${PYTHONPATH} /usr/bin/python3 setup.py egg_info --egg-base ../build/python_parameters build --build-base /home/cvar/ros2_ws/src/build/python_parameters/build install --record /home/cvar/ros2_ws/src/build/python_parameters/install.log --install-scripts $base/lib/python_parameters --single-version-externally-managed
[0.874s] running egg_info
[0.874s] creating ../build/python_parameters/python_parameters.egg-info
[0.875s] writing ../build/python_parameters/python_parameters.egg-info/PKG-INFO
[0.875s] writing dependency_links to ../build/python_parameters/python_parameters.egg-info/dependency_links.txt
[0.875s] writing entry points to ../build/python_parameters/python_parameters.egg-info/entry_points.txt
[0.875s] writing requirements to ../build/python_parameters/python_parameters.egg-info/requires.txt
[0.875s] writing top-level names to ../build/python_parameters/python_parameters.egg-info/top_level.txt
[0.876s] writing manifest file '../build/python_parameters/python_parameters.egg-info/SOURCES.txt'
[0.908s] reading manifest file '../build/python_parameters/python_parameters.egg-info/SOURCES.txt'
[0.909s] writing manifest file '../build/python_parameters/python_parameters.egg-info/SOURCES.txt'
[0.909s] running build
[0.909s] running build_py
[0.909s] creating /home/cvar/ros2_ws/src/build/python_parameters/build
[0.909s] creating /home/cvar/ros2_ws/src/build/python_parameters/build/lib
[0.910s] creating /home/cvar/ros2_ws/src/build/python_parameters/build/lib/python_parameters
[0.910s] copying python_parameters/__init__.py -> /home/cvar/ros2_ws/src/build/python_parameters/build/lib/python_parameters
[0.910s] copying python_parameters/python_parameters_node.py -> /home/cvar/ros2_ws/src/build/python_parameters/build/lib/python_parameters
[0.910s] running install
[0.910s] running install_lib
[0.911s] creating /home/cvar/ros2_ws/src/install/python_parameters/lib/python3.8/site-packages/python_parameters
[0.911s] copying /home/cvar/ros2_ws/src/build/python_parameters/build/lib/python_parameters/__init__.py -> /home/cvar/ros2_ws/src/install/python_parameters/lib/python3.8/site-packages/python_parameters
[0.912s] copying /home/cvar/ros2_ws/src/build/python_parameters/build/lib/python_parameters/python_parameters_node.py -> /home/cvar/ros2_ws/src/install/python_parameters/lib/python3.8/site-packages/python_parameters
[0.912s] byte-compiling /home/cvar/ros2_ws/src/install/python_parameters/lib/python3.8/site-packages/python_parameters/__init__.py to __init__.cpython-38.pyc
[0.913s] byte-compiling /home/cvar/ros2_ws/src/install/python_parameters/lib/python3.8/site-packages/python_parameters/python_parameters_node.py to python_parameters_node.cpython-38.pyc
[0.914s] running install_data
[0.914s] creating /home/cvar/ros2_ws/src/install/python_parameters/share/ament_index
[0.914s] creating /home/cvar/ros2_ws/src/install/python_parameters/share/ament_index/resource_index
[0.915s] creating /home/cvar/ros2_ws/src/install/python_parameters/share/ament_index/resource_index/packages
[0.915s] copying resource/python_parameters -> /home/cvar/ros2_ws/src/install/python_parameters/share/ament_index/resource_index/packages
[0.915s] copying package.xml -> /home/cvar/ros2_ws/src/install/python_parameters/share/python_parameters
[0.915s] running install_egg_info
[0.916s] Copying ../build/python_parameters/python_parameters.egg-info to /home/cvar/ros2_ws/src/install/python_parameters/lib/python3.8/site-packages/python_parameters-0.0.0-py3.8.egg-info
[0.917s] running install_scripts
[0.933s] Installing minimal_param_node script to /home/cvar/ros2_ws/src/install/python_parameters/lib/python_parameters
[0.933s] writing list of installed files to '/home/cvar/ros2_ws/src/build/python_parameters/install.log'
[0.955s] Invoked command in '/home/cvar/ros2_ws/src/python_parameters' returned '0': PYTHONPATH=/home/cvar/ros2_ws/src/build/python_parameters/prefix_override:/home/cvar/ros2_ws/src/install/python_parameters/lib/python3.8/site-packages:${PYTHONPATH} /usr/bin/python3 setup.py egg_info --egg-base ../build/python_parameters build --build-base /home/cvar/ros2_ws/src/build/python_parameters/build install --record /home/cvar/ros2_ws/src/build/python_parameters/install.log --install-scripts $base/lib/python_parameters --single-version-externally-managed
